<?xml version="1.0" encoding="UTF-8"?>
<testng-results skipped="0" failed="0" total="2" passed="2">
  <reporter-output>
  </reporter-output>
  <suite name="Default suite" duration-ms="81834" started-at="2020-12-28T14:18:50Z" finished-at="2020-12-28T14:20:12Z">
    <groups>
    </groups>
    <test name="Default test" duration-ms="81834" started-at="2020-12-28T14:18:50Z" finished-at="2020-12-28T14:20:12Z">
      <class name="KhanAcademy.KhanAcademy">
        <test-method status="PASS" signature="bt()[pri:0, instance:KhanAcademy.KhanAcademy@7946e1f4]" name="bt" is-config="true" duration-ms="43487" started-at="2020-12-28T19:48:50Z" finished-at="2020-12-28T19:49:34Z">
          <reporter-output>
          </reporter-output>
        </test-method> <!-- bt -->
        <test-method status="PASS" signature="signIn()[pri:1, instance:KhanAcademy.KhanAcademy@7946e1f4]" name="signIn" duration-ms="9762" started-at="2020-12-28T19:49:34Z" finished-at="2020-12-28T19:49:44Z">
          <reporter-output>
          </reporter-output>
        </test-method> <!-- signIn -->
        <test-method status="PASS" signature="selectMyCourse()[pri:10, instance:KhanAcademy.KhanAcademy@7946e1f4]" name="selectMyCourse" duration-ms="28502" started-at="2020-12-28T19:49:44Z" finished-at="2020-12-28T19:50:12Z">
          <reporter-output>
          </reporter-output>
        </test-method> <!-- selectMyCourse -->
        <test-method status="PASS" signature="closeConnection()[pri:0, instance:KhanAcademy.KhanAcademy@7946e1f4]" name="closeConnection" is-config="true" duration-ms="52" started-at="2020-12-28T19:50:12Z" finished-at="2020-12-28T19:50:12Z">
          <reporter-output>
          </reporter-output>
        </test-method> <!-- closeConnection -->
      </class> <!-- KhanAcademy.KhanAcademy -->
    </test> <!-- Default test -->
  </suite> <!-- Default suite -->
</testng-results>
